nohup: ignoring input

  .   ____          _            __ _ _
 /\\ / ___'_ __ _ _(_)_ __  __ _ \ \ \ \
( ( )\___ | '_ | '_| | '_ \/ _` | \ \ \ \
 \\/  ___)| |_)| | | | | || (_| |  ) ) ) )
  '  |____| .__|_| |_|_| |_\__, | / / / /
 =========|_|==============|___/=/_/_/_/
 :: Spring Boot ::                (v3.2.0)

2025-12-05T15:20:49.894Z  INFO 28812 --- [           main] com.toylog.ToyLogApplication             : Starting ToyLogApplication v0.0.1-SNAPSHOT using Java 21.0.9 with PID 28812 (/workspaces/Java_Sistem/target/toylog-0.0.1-SNAPSHOT.jar started by codespace in /workspaces/Java_Sistem)
2025-12-05T15:20:49.900Z  INFO 28812 --- [           main] com.toylog.ToyLogApplication             : No active profile set, falling back to 1 default profile: "default"
2025-12-05T15:20:51.858Z  INFO 28812 --- [           main] .s.d.r.c.RepositoryConfigurationDelegate : Bootstrapping Spring Data JPA repositories in DEFAULT mode.
2025-12-05T15:20:51.943Z  INFO 28812 --- [           main] .s.d.r.c.RepositoryConfigurationDelegate : Finished Spring Data repository scanning in 76 ms. Found 4 JPA repository interfaces.
2025-12-05T15:20:52.911Z  INFO 28812 --- [           main] o.s.b.w.embedded.tomcat.TomcatWebServer  : Tomcat initialized with port 8080 (http)
2025-12-05T15:20:52.923Z  INFO 28812 --- [           main] o.apache.catalina.core.StandardService   : Starting service [Tomcat]
2025-12-05T15:20:52.923Z  INFO 28812 --- [           main] o.apache.catalina.core.StandardEngine    : Starting Servlet engine: [Apache Tomcat/10.1.16]
2025-12-05T15:20:52.968Z  INFO 28812 --- [           main] o.a.c.c.C.[Tomcat].[localhost].[/]       : Initializing Spring embedded WebApplicationContext
2025-12-05T15:20:52.970Z  INFO 28812 --- [           main] w.s.c.ServletWebServerApplicationContext : Root WebApplicationContext: initialization completed in 2953 ms
2025-12-05T15:20:53.540Z  INFO 28812 --- [           main] com.zaxxer.hikari.HikariDataSource       : HikariPool-1 - Starting...
2025-12-05T15:20:53.916Z  INFO 28812 --- [           main] com.zaxxer.hikari.pool.HikariPool        : HikariPool-1 - Added connection org.postgresql.jdbc.PgConnection@617449dd
2025-12-05T15:20:53.919Z  INFO 28812 --- [           main] com.zaxxer.hikari.HikariDataSource       : HikariPool-1 - Start completed.
2025-12-05T15:20:54.031Z  INFO 28812 --- [           main] o.f.c.internal.license.VersionPrinter    : Flyway Community Edition 9.22.3 by Redgate
2025-12-05T15:20:54.033Z  INFO 28812 --- [           main] o.f.c.internal.license.VersionPrinter    : See release notes here: https://rd.gt/416ObMi
2025-12-05T15:20:54.033Z  INFO 28812 --- [           main] o.f.c.internal.license.VersionPrinter    : 
2025-12-05T15:20:54.072Z  INFO 28812 --- [           main] org.flywaydb.core.FlywayExecutor         : Database: jdbc:postgresql://localhost:5432/toylog (PostgreSQL 15.15)
2025-12-05T15:20:54.139Z  INFO 28812 --- [           main] o.f.core.internal.command.DbValidate     : Successfully validated 2 migrations (execution time 00:00.036s)
2025-12-05T15:20:54.157Z  INFO 28812 --- [           main] o.f.core.internal.command.DbMigrate      : Current version of schema "public": 2
2025-12-05T15:20:54.162Z  INFO 28812 --- [           main] o.f.core.internal.command.DbMigrate      : Schema "public" is up to date. No migration necessary.
2025-12-05T15:20:54.307Z  INFO 28812 --- [           main] o.hibernate.jpa.internal.util.LogHelper  : HHH000204: Processing PersistenceUnitInfo [name: default]
2025-12-05T15:20:54.401Z  INFO 28812 --- [           main] org.hibernate.Version                    : HHH000412: Hibernate ORM core version 6.3.1.Final
2025-12-05T15:20:54.444Z  INFO 28812 --- [           main] o.h.c.internal.RegionFactoryInitiator    : HHH000026: Second-level cache disabled
2025-12-05T15:20:54.754Z  INFO 28812 --- [           main] o.s.o.j.p.SpringPersistenceUnitInfo      : No LoadTimeWeaver setup: ignoring JPA class transformer
2025-12-05T15:20:56.151Z  INFO 28812 --- [           main] o.h.e.t.j.p.i.JtaPlatformInitiator       : HHH000489: No JTA platform available (set 'hibernate.transaction.jta.platform' to enable JTA platform integration)
2025-12-05T15:20:56.156Z  INFO 28812 --- [           main] j.LocalContainerEntityManagerFactoryBean : Initialized JPA EntityManagerFactory for persistence unit 'default'
2025-12-05T15:20:56.962Z  WARN 28812 --- [           main] JpaBaseConfiguration$JpaWebConfiguration : spring.jpa.open-in-view is enabled by default. Therefore, database queries may be performed during view rendering. Explicitly configure spring.jpa.open-in-view to disable this warning
2025-12-05T15:20:57.397Z  INFO 28812 --- [           main] o.s.s.web.DefaultSecurityFilterChain     : Will secure any request with [org.springframework.security.web.session.DisableEncodeUrlFilter@2b8b5d9e, org.springframework.security.web.context.request.async.WebAsyncManagerIntegrationFilter@9e092b5, org.springframework.security.web.context.SecurityContextHolderFilter@723081a2, org.springframework.security.web.header.HeaderWriterFilter@2c5b4b91, org.springframework.web.filter.CorsFilter@52737c1, org.springframework.security.web.authentication.logout.LogoutFilter@43e9a8a2, com.toylog.controller.JwtAuthenticationFilter@250b5e5b, org.springframework.security.web.savedrequest.RequestCacheAwareFilter@41ae9f11, org.springframework.security.web.servletapi.SecurityContextHolderAwareRequestFilter@45a40353, org.springframework.security.web.authentication.AnonymousAuthenticationFilter@158cb50a, org.springframework.security.web.session.SessionManagementFilter@538d2308, org.springframework.security.web.access.ExceptionTranslationFilter@2af1bf5a, org.springframework.security.web.access.intercept.AuthorizationFilter@18174bd9]
2025-12-05T15:20:58.008Z  INFO 28812 --- [           main] o.s.b.w.embedded.tomcat.TomcatWebServer  : Tomcat started on port 8080 (http) with context path ''
2025-12-05T15:20:58.024Z  INFO 28812 --- [           main] com.toylog.ToyLogApplication             : Started ToyLogApplication in 8.925 seconds (process running for 9.741)
2025-12-05T15:21:01.233Z  INFO 28812 --- [nio-8080-exec-1] o.a.c.c.C.[Tomcat].[localhost].[/]       : Initializing Spring DispatcherServlet 'dispatcherServlet'
2025-12-05T15:21:01.233Z  INFO 28812 --- [nio-8080-exec-1] o.s.web.servlet.DispatcherServlet        : Initializing Servlet 'dispatcherServlet'
2025-12-05T15:21:01.235Z  INFO 28812 --- [nio-8080-exec-1] o.s.web.servlet.DispatcherServlet        : Completed initialization in 1 ms
2025-12-05T15:21:01.246Z  WARN 28812 --- [nio-8080-exec-1] o.s.w.s.h.HandlerMappingIntrospector     : Cache miss for REQUEST dispatch to '/api/products' (previous null). Performing CorsConfiguration lookup. This is logged once only at WARN level, and every time at TRACE.
2025-12-05T15:21:01.258Z  WARN 28812 --- [nio-8080-exec-1] o.s.w.s.h.HandlerMappingIntrospector     : Cache miss for REQUEST dispatch to '/api/products' (previous null). Performing MatchableHandlerMapping lookup. This is logged once only at WARN level, and every time at TRACE.
2025-12-05T15:21:01.435Z DEBUG 28812 --- [nio-8080-exec-1] org.hibernate.SQL                        : 
    select
        p1_0.id,
        p1_0.category,
        p1_0.cost_price,
        p1_0.description,
        p1_0.min_stock_level,
        p1_0.name,
        p1_0.sale_price,
        p1_0.sku,
        p1_0.stock_quantity,
        p1_0.version 
    from
        tb_products p1_0
Hibernate: 
    select
        p1_0.id,
        p1_0.category,
        p1_0.cost_price,
        p1_0.description,
        p1_0.min_stock_level,
        p1_0.name,
        p1_0.sale_price,
        p1_0.sku,
        p1_0.stock_quantity,
        p1_0.version 
    from
        tb_products p1_0
2025-12-05T15:21:17.431Z DEBUG 28812 --- [nio-8080-exec-2] org.hibernate.SQL                        : 
    select
        p1_0.id,
        p1_0.category,
        p1_0.cost_price,
        p1_0.description,
        p1_0.min_stock_level,
        p1_0.name,
        p1_0.sale_price,
        p1_0.sku,
        p1_0.stock_quantity,
        p1_0.version 
    from
        tb_products p1_0
Hibernate: 
    select
        p1_0.id,
        p1_0.category,
        p1_0.cost_price,
        p1_0.description,
        p1_0.min_stock_level,
        p1_0.name,
        p1_0.sale_price,
        p1_0.sku,
        p1_0.stock_quantity,
        p1_0.version 
    from
        tb_products p1_0
